have_library: checking for gdbm_open() in -lgdbm... -------------------- yes

"/usr/bin/gcc-4.2 -o conftest -I../../.ext/include/x86_64-darwin12.2.0 -I../.././include -I../.././ext/gdbm -D_XOPEN_SOURCE -D_DARWIN_C_SOURCE   -I/Users/fabio/.sm/pkg/active/include -pipe conftest.c  -L. -L../.. -L. -Bstatic -L/Users/fabio/.sm/pkg/active/lib -L/usr/local/lib     -lruby-static -lgdbm  -lpthread -ldl -lobjc "
conftest.c: In function ‘t’:
conftest.c:6: error: ‘gdbm_open’ undeclared (first use in this function)
conftest.c:6: error: (Each undeclared identifier is reported only once
conftest.c:6: error: for each function it appears in.)
checked program was:
/* begin */
1: #include "ruby.h"
2: 
3: /*top*/
4: int main() {return 0;}
5: extern int t(void);
6: int t(void) { void ((*volatile p)()); p = (void ((*)()))gdbm_open; return 0; }
/* end */

"/usr/bin/gcc-4.2 -o conftest -I../../.ext/include/x86_64-darwin12.2.0 -I../.././include -I../.././ext/gdbm -D_XOPEN_SOURCE -D_DARWIN_C_SOURCE   -I/Users/fabio/.sm/pkg/active/include -pipe conftest.c  -L. -L../.. -L. -Bstatic -L/Users/fabio/.sm/pkg/active/lib -L/usr/local/lib     -lruby-static -lgdbm  -lpthread -ldl -lobjc "
checked program was:
/* begin */
1: #include "ruby.h"
2: 
3: /*top*/
4: int main() {return 0;}
5: extern int t(void);
6: int t(void) { gdbm_open(); return 0; }
/* end */

--------------------

have_header: checking for gdbm.h... -------------------- yes

"/usr/bin/gcc-4.2 -E -I../../.ext/include/x86_64-darwin12.2.0 -I../.././include -I../.././ext/gdbm -D_XOPEN_SOURCE -D_DARWIN_C_SOURCE   -I/Users/fabio/.sm/pkg/active/include -pipe  conftest.c -o conftest.i"
checked program was:
/* begin */
1: #include "ruby.h"
2: 
3: #include <gdbm.h>
/* end */

--------------------

extconf.h is:
/* begin */
1: #ifndef EXTCONF_H
2: #define EXTCONF_H
3: #define HAVE_GDBM_H 1
4: #endif
/* end */

