have_func: checking for iconv() in iconv.h... -------------------- no

"/usr/bin/gcc-4.2 -o conftest -I../../.ext/include/x86_64-darwin12.2.0 -I../.././include -I../.././ext/iconv -D_XOPEN_SOURCE -D_DARWIN_C_SOURCE   -I/Users/fabio/.sm/pkg/active/include -pipe conftest.c  -L. -L../.. -L. -Bstatic -L/Users/fabio/.sm/pkg/active/lib -L/usr/local/lib     -lruby-static  -lpthread -ldl -lobjc "
Undefined symbols for architecture x86_64:
  "_iconv", referenced from:
      _t in ccYjhrGc.o
ld: symbol(s) not found for architecture x86_64
collect2: ld returned 1 exit status
checked program was:
/* begin */
1: #include "ruby.h"
2: 
3: #include <iconv.h>
4: 
5: /*top*/
6: int main() {return 0;}
7: extern int t(void);
8: int t(void) { void ((*volatile p)()); p = (void ((*)()))iconv; return 0; }
/* end */

"/usr/bin/gcc-4.2 -o conftest -I../../.ext/include/x86_64-darwin12.2.0 -I../.././include -I../.././ext/iconv -D_XOPEN_SOURCE -D_DARWIN_C_SOURCE   -I/Users/fabio/.sm/pkg/active/include -pipe conftest.c  -L. -L../.. -L. -Bstatic -L/Users/fabio/.sm/pkg/active/lib -L/usr/local/lib     -lruby-static  -lpthread -ldl -lobjc "
conftest.c: In function ‘t’:
conftest.c:8: error: too few arguments to function ‘iconv’
checked program was:
/* begin */
1: #include "ruby.h"
2: 
3: #include <iconv.h>
4: 
5: /*top*/
6: int main() {return 0;}
7: extern int t(void);
8: int t(void) { iconv(); return 0; }
/* end */

--------------------

have_library: checking for iconv() in -liconv... -------------------- yes

"/usr/bin/gcc-4.2 -o conftest -I../../.ext/include/x86_64-darwin12.2.0 -I../.././include -I../.././ext/iconv -D_XOPEN_SOURCE -D_DARWIN_C_SOURCE   -I/Users/fabio/.sm/pkg/active/include -pipe conftest.c  -L. -L../.. -L. -Bstatic -L/Users/fabio/.sm/pkg/active/lib -L/usr/local/lib     -lruby-static -liconv  -lpthread -ldl -lobjc "
checked program was:
/* begin */
1: #include "ruby.h"
2: 
3: #include <iconv.h>
4: 
5: /*top*/
6: int main() {return 0;}
7: extern int t(void);
8: int t(void) { void ((*volatile p)()); p = (void ((*)()))iconv; return 0; }
/* end */

--------------------

check_signedness: checking signedness of size_t... -------------------- unsigned

"/usr/bin/gcc-4.2 -I../../.ext/include/x86_64-darwin12.2.0 -I../.././include -I../.././ext/iconv -D_XOPEN_SOURCE -D_DARWIN_C_SOURCE   -I/Users/fabio/.sm/pkg/active/include -pipe   -c conftest.c"
conftest.c:6: error: size of array ‘conftest_const’ is negative
checked program was:
/* begin */
1: #include "ruby.h"
2: 
3: typedef size_t rbcv_typedef_;
4: 
5: /*top*/
6: int conftest_const[((rbcv_typedef_)-1 < 0) ? 1 : -1];
/* end */

"/usr/bin/gcc-4.2 -I../../.ext/include/x86_64-darwin12.2.0 -I../.././include -I../.././ext/iconv -D_XOPEN_SOURCE -D_DARWIN_C_SOURCE   -I/Users/fabio/.sm/pkg/active/include -pipe   -c conftest.c"
checked program was:
/* begin */
1: #include "ruby.h"
2: 
3: typedef size_t rbcv_typedef_;
4: 
5: /*top*/
6: int conftest_const[((rbcv_typedef_)-1 > 0) ? 1 : -1];
/* end */

--------------------

checking for const of iconv() 2nd argument... -------------------- no

/usr/bin/gcc-4.2 -E -I../../.ext/include/x86_64-darwin12.2.0 -I../.././include -I../.././ext/iconv -D_XOPEN_SOURCE -D_DARWIN_C_SOURCE   -I/Users/fabio/.sm/pkg/active/include -pipe  conftest.c  |
iconv (iconv_t ,
 char ** , size_t * ,
 char ** , size_t * );
--------------------

have_func: checking for iconvlist() in iconv.h... -------------------- yes

"/usr/bin/gcc-4.2 -o conftest -I../../.ext/include/x86_64-darwin12.2.0 -I../.././include -I../.././ext/iconv -D_XOPEN_SOURCE -D_DARWIN_C_SOURCE   -I/Users/fabio/.sm/pkg/active/include -pipe conftest.c  -L. -L../.. -L. -Bstatic -L/Users/fabio/.sm/pkg/active/lib -L/usr/local/lib    -liconv  -lruby-static -liconv  -lpthread -ldl -lobjc "
checked program was:
/* begin */
1: #include "ruby.h"
2: 
3: #include <iconv.h>
4: 
5: /*top*/
6: int main() {return 0;}
7: extern int t(void);
8: int t(void) { void ((*volatile p)()); p = (void ((*)()))iconvlist; return 0; }
/* end */

--------------------

have_func: checking for __iconv_free_list() in iconv.h... -------------------- no

"/usr/bin/gcc-4.2 -o conftest -I../../.ext/include/x86_64-darwin12.2.0 -I../.././include -I../.././ext/iconv -D_XOPEN_SOURCE -D_DARWIN_C_SOURCE   -I/Users/fabio/.sm/pkg/active/include -pipe conftest.c  -L. -L../.. -L. -Bstatic -L/Users/fabio/.sm/pkg/active/lib -L/usr/local/lib    -liconv  -lruby-static -liconv  -lpthread -ldl -lobjc "
conftest.c: In function ‘t’:
conftest.c:8: error: ‘__iconv_free_list’ undeclared (first use in this function)
conftest.c:8: error: (Each undeclared identifier is reported only once
conftest.c:8: error: for each function it appears in.)
checked program was:
/* begin */
1: #include "ruby.h"
2: 
3: #include <iconv.h>
4: 
5: /*top*/
6: int main() {return 0;}
7: extern int t(void);
8: int t(void) { void ((*volatile p)()); p = (void ((*)()))__iconv_free_list; return 0; }
/* end */

"/usr/bin/gcc-4.2 -o conftest -I../../.ext/include/x86_64-darwin12.2.0 -I../.././include -I../.././ext/iconv -D_XOPEN_SOURCE -D_DARWIN_C_SOURCE   -I/Users/fabio/.sm/pkg/active/include -pipe conftest.c  -L. -L../.. -L. -Bstatic -L/Users/fabio/.sm/pkg/active/lib -L/usr/local/lib    -liconv  -lruby-static -liconv  -lpthread -ldl -lobjc "
Undefined symbols for architecture x86_64:
  "___iconv_free_list", referenced from:
      _t in ccViVY5a.o
ld: symbol(s) not found for architecture x86_64
collect2: ld returned 1 exit status
checked program was:
/* begin */
1: #include "ruby.h"
2: 
3: #include <iconv.h>
4: 
5: /*top*/
6: int main() {return 0;}
7: extern int t(void);
8: int t(void) { __iconv_free_list(); return 0; }
/* end */

--------------------

extconf.h is:
/* begin */
1: #ifndef EXTCONF_H
2: #define EXTCONF_H
3: #define SIGNEDNESS_OF_SIZE_T +1
4: #define HAVE_ICONVLIST 1
5: #endif
/* end */

