have_header: checking for syslog.h... -------------------- yes

"/usr/bin/gcc-4.2 -E -I../../.ext/include/x86_64-darwin12.2.0 -I../.././include -I../.././ext/syslog -D_XOPEN_SOURCE -D_DARWIN_C_SOURCE   -I/Users/fabio/.sm/pkg/active/include -pipe  conftest.c -o conftest.i"
checked program was:
/* begin */
1: #include "ruby.h"
2: 
3: #include <syslog.h>
/* end */

--------------------

have_func: checking for openlog()... -------------------- yes

"/usr/bin/gcc-4.2 -o conftest -I../../.ext/include/x86_64-darwin12.2.0 -I../.././include -I../.././ext/syslog -D_XOPEN_SOURCE -D_DARWIN_C_SOURCE   -I/Users/fabio/.sm/pkg/active/include -pipe conftest.c  -L. -L../.. -L. -Bstatic -L/Users/fabio/.sm/pkg/active/lib -L/usr/local/lib     -lruby-static  -lpthread -ldl -lobjc "
conftest.c: In function ‘t’:
conftest.c:6: error: ‘openlog’ undeclared (first use in this function)
conftest.c:6: error: (Each undeclared identifier is reported only once
conftest.c:6: error: for each function it appears in.)
checked program was:
/* begin */
1: #include "ruby.h"
2: 
3: /*top*/
4: int main() {return 0;}
5: extern int t(void);
6: int t(void) { void ((*volatile p)()); p = (void ((*)()))openlog; return 0; }
/* end */

"/usr/bin/gcc-4.2 -o conftest -I../../.ext/include/x86_64-darwin12.2.0 -I../.././include -I../.././ext/syslog -D_XOPEN_SOURCE -D_DARWIN_C_SOURCE   -I/Users/fabio/.sm/pkg/active/include -pipe conftest.c  -L. -L../.. -L. -Bstatic -L/Users/fabio/.sm/pkg/active/lib -L/usr/local/lib     -lruby-static  -lpthread -ldl -lobjc "
checked program was:
/* begin */
1: #include "ruby.h"
2: 
3: /*top*/
4: int main() {return 0;}
5: extern int t(void);
6: int t(void) { openlog(); return 0; }
/* end */

--------------------

have_func: checking for setlogmask()... -------------------- yes

"/usr/bin/gcc-4.2 -o conftest -I../../.ext/include/x86_64-darwin12.2.0 -I../.././include -I../.././ext/syslog -D_XOPEN_SOURCE -D_DARWIN_C_SOURCE   -I/Users/fabio/.sm/pkg/active/include -pipe conftest.c  -L. -L../.. -L. -Bstatic -L/Users/fabio/.sm/pkg/active/lib -L/usr/local/lib     -lruby-static  -lpthread -ldl -lobjc "
conftest.c: In function ‘t’:
conftest.c:6: error: ‘setlogmask’ undeclared (first use in this function)
conftest.c:6: error: (Each undeclared identifier is reported only once
conftest.c:6: error: for each function it appears in.)
checked program was:
/* begin */
1: #include "ruby.h"
2: 
3: /*top*/
4: int main() {return 0;}
5: extern int t(void);
6: int t(void) { void ((*volatile p)()); p = (void ((*)()))setlogmask; return 0; }
/* end */

"/usr/bin/gcc-4.2 -o conftest -I../../.ext/include/x86_64-darwin12.2.0 -I../.././include -I../.././ext/syslog -D_XOPEN_SOURCE -D_DARWIN_C_SOURCE   -I/Users/fabio/.sm/pkg/active/include -pipe conftest.c  -L. -L../.. -L. -Bstatic -L/Users/fabio/.sm/pkg/active/lib -L/usr/local/lib     -lruby-static  -lpthread -ldl -lobjc "
checked program was:
/* begin */
1: #include "ruby.h"
2: 
3: /*top*/
4: int main() {return 0;}
5: extern int t(void);
6: int t(void) { setlogmask(); return 0; }
/* end */

--------------------

extconf.h is:
/* begin */
1: #ifndef EXTCONF_H
2: #define EXTCONF_H
3: #define HAVE_SYSLOG_H 1
4: #define HAVE_OPENLOG 1
5: #define HAVE_SETLOGMASK 1
6: #endif
/* end */

