"/usr/bin/gcc-4.2 -I../../../.ext/include/x86_64-darwin12.2.0 -I../../.././include -I../../.././ext/io/wait -D_XOPEN_SOURCE -D_DARWIN_C_SOURCE   -I/Users/fabio/.sm/pkg/active/include -pipe   -c conftest.c"
conftest.c:6:3: error: #error 
conftest.c:7: error: expected identifier or ‘(’ before ‘>>’ token
checked program was:
/* begin */
1: #include "ruby.h"
2: 
3: #include <ruby.h>
4: /*top*/
5: #ifndef DOSISH
6: # error
7: >>>>>> DOSISH undefined <<<<<<
8: #endif
/* end */

have_header: checking for sys/ioctl.h... -------------------- yes

"/usr/bin/gcc-4.2 -E -I../../../.ext/include/x86_64-darwin12.2.0 -I../../.././include -I../../.././ext/io/wait -D_XOPEN_SOURCE -D_DARWIN_C_SOURCE   -I/Users/fabio/.sm/pkg/active/include -pipe  conftest.c -o conftest.i"
checked program was:
/* begin */
1: #include "ruby.h"
2: 
3: #include <sys/ioctl.h>
/* end */

--------------------

have_macro: checking for FIONREAD in sys/ioctl.h,sys/ioctl.h... -------------------- yes

"/usr/bin/gcc-4.2 -I../../../.ext/include/x86_64-darwin12.2.0 -I../../.././include -I../../.././ext/io/wait -D_XOPEN_SOURCE -D_DARWIN_C_SOURCE   -I/Users/fabio/.sm/pkg/active/include -pipe   -c conftest.c"
checked program was:
/* begin */
1: #include "ruby.h"
2: 
3: #include <sys/ioctl.h>
4: #include <sys/ioctl.h>
5: /*top*/
6: #ifndef FIONREAD
7: # error
8: >>>>>> FIONREAD undefined <<<<<<
9: #endif
/* end */

--------------------

extconf.h is:
/* begin */
1: #ifndef EXTCONF_H
2: #define EXTCONF_H
3: #define HAVE_SYS_IOCTL_H 1
4: #define FIONREAD_HEADER <sys/ioctl.h>
5: #endif
/* end */

