have_func: checking for labs() in stdlib.h... -------------------- yes

"/usr/bin/gcc-4.2 -o conftest -I../../.ext/include/x86_64-darwin12.2.0 -I../.././include -I../.././ext/bigdecimal -D_XOPEN_SOURCE -D_DARWIN_C_SOURCE   -I/Users/fabio/.sm/pkg/active/include -pipe conftest.c  -L. -L../.. -L. -Bstatic -L/Users/fabio/.sm/pkg/active/lib -L/usr/local/lib     -lruby-static  -lpthread -ldl -lobjc "
checked program was:
/* begin */
1: #include "ruby.h"
2: 
3: #include <stdlib.h>
4: 
5: /*top*/
6: int main() {return 0;}
7: int t() { void ((*volatile p)()); p = (void ((*)()))labs; return 0; }
/* end */

--------------------

have_func: checking for llabs() in stdlib.h... -------------------- yes

"/usr/bin/gcc-4.2 -o conftest -I../../.ext/include/x86_64-darwin12.2.0 -I../.././include -I../.././ext/bigdecimal -D_XOPEN_SOURCE -D_DARWIN_C_SOURCE   -I/Users/fabio/.sm/pkg/active/include -pipe conftest.c  -L. -L../.. -L. -Bstatic -L/Users/fabio/.sm/pkg/active/lib -L/usr/local/lib     -lruby-static  -lpthread -ldl -lobjc "
checked program was:
/* begin */
1: #include "ruby.h"
2: 
3: #include <stdlib.h>
4: 
5: /*top*/
6: int main() {return 0;}
7: int t() { void ((*volatile p)()); p = (void ((*)()))llabs; return 0; }
/* end */

--------------------

extconf.h is:
/* begin */
1: #ifndef EXTCONF_H
2: #define EXTCONF_H
3: #define HAVE_LABS 1
4: #define HAVE_LLABS 1
5: #endif
/* end */

